/home/bingda/ros2_ws/install/base_control_ros2/lib/python3.10/site-packages/base_control_ros2/__init__.py
/home/bingda/ros2_ws/install/base_control_ros2/lib/python3.10/site-packages/base_control_ros2/base_control_ros2.py
/home/bingda/ros2_ws/install/base_control_ros2/lib/python3.10/site-packages/base_control_ros2/test_node.py
/home/bingda/ros2_ws/install/base_control_ros2/lib/python3.10/site-packages/base_control_ros2/loopqueue.py
/home/bingda/ros2_ws/install/base_control_ros2/lib/python3.10/site-packages/base_control_ros2/__pycache__/__init__.cpython-310.pyc
/home/bingda/ros2_ws/install/base_control_ros2/lib/python3.10/site-packages/base_control_ros2/__pycache__/base_control_ros2.cpython-310.pyc
/home/bingda/ros2_ws/install/base_control_ros2/lib/python3.10/site-packages/base_control_ros2/__pycache__/test_node.cpython-310.pyc
/home/bingda/ros2_ws/install/base_control_ros2/lib/python3.10/site-packages/base_control_ros2/__pycache__/loopqueue.cpython-310.pyc
/home/bingda/ros2_ws/install/base_control_ros2/share/ament_index/resource_index/packages/base_control_ros2
/home/bingda/ros2_ws/install/base_control_ros2/share/base_control_ros2/package.xml
/home/bingda/ros2_ws/install/base_control_ros2/share/base_control_ros2/launch/base_control.launch.py
/home/bingda/ros2_ws/install/base_control_ros2/lib/python3.10/site-packages/base_control_ros2-0.0.0-py3.10.egg-info/top_level.txt
/home/bingda/ros2_ws/install/base_control_ros2/lib/python3.10/site-packages/base_control_ros2-0.0.0-py3.10.egg-info/entry_points.txt
/home/bingda/ros2_ws/install/base_control_ros2/lib/python3.10/site-packages/base_control_ros2-0.0.0-py3.10.egg-info/PKG-INFO
/home/bingda/ros2_ws/install/base_control_ros2/lib/python3.10/site-packages/base_control_ros2-0.0.0-py3.10.egg-info/zip-safe
/home/bingda/ros2_ws/install/base_control_ros2/lib/python3.10/site-packages/base_control_ros2-0.0.0-py3.10.egg-info/requires.txt
/home/bingda/ros2_ws/install/base_control_ros2/lib/python3.10/site-packages/base_control_ros2-0.0.0-py3.10.egg-info/SOURCES.txt
/home/bingda/ros2_ws/install/base_control_ros2/lib/python3.10/site-packages/base_control_ros2-0.0.0-py3.10.egg-info/dependency_links.txt
/home/bingda/ros2_ws/install/base_control_ros2/lib/base_control_ros2/base_control_node
/home/bingda/ros2_ws/install/base_control_ros2/lib/base_control_ros2/test_node
