running egg_info
creating ../../build/car_application/car_application.egg-info
writing ../../build/car_application/car_application.egg-info/PKG-INFO
writing dependency_links to ../../build/car_application/car_application.egg-info/dependency_links.txt
writing entry points to ../../build/car_application/car_application.egg-info/entry_points.txt
writing requirements to ../../build/car_application/car_application.egg-info/requires.txt
writing top-level names to ../../build/car_application/car_application.egg-info/top_level.txt
writing manifest file '../../build/car_application/car_application.egg-info/SOURCES.txt'
reading manifest file '../../build/car_application/car_application.egg-info/SOURCES.txt'
adding license file 'LICENSE'
writing manifest file '../../build/car_application/car_application.egg-info/SOURCES.txt'
running build
running build_py
creating /home/bingda/ros2_ws/build/car_application/build
creating /home/bingda/ros2_ws/build/car_application/build/lib
creating /home/bingda/ros2_ws/build/car_application/build/lib/car_application
copying car_application/__init__.py -> /home/bingda/ros2_ws/build/car_application/build/lib/car_application
copying car_application/nav_to_pose.py -> /home/bingda/ros2_ws/build/car_application/build/lib/car_application
copying car_application/waypoint_follower.py -> /home/bingda/ros2_ws/build/car_application/build/lib/car_application
copying car_application/init_robot_pose.py -> /home/bingda/ros2_ws/build/car_application/build/lib/car_application
copying car_application/get_robot_pose.py -> /home/bingda/ros2_ws/build/car_application/build/lib/car_application
running install
running install_lib
creating /home/bingda/ros2_ws/install/car_application/lib/python3.10/site-packages/car_application
copying /home/bingda/ros2_ws/build/car_application/build/lib/car_application/__init__.py -> /home/bingda/ros2_ws/install/car_application/lib/python3.10/site-packages/car_application
copying /home/bingda/ros2_ws/build/car_application/build/lib/car_application/nav_to_pose.py -> /home/bingda/ros2_ws/install/car_application/lib/python3.10/site-packages/car_application
copying /home/bingda/ros2_ws/build/car_application/build/lib/car_application/waypoint_follower.py -> /home/bingda/ros2_ws/install/car_application/lib/python3.10/site-packages/car_application
copying /home/bingda/ros2_ws/build/car_application/build/lib/car_application/init_robot_pose.py -> /home/bingda/ros2_ws/install/car_application/lib/python3.10/site-packages/car_application
copying /home/bingda/ros2_ws/build/car_application/build/lib/car_application/get_robot_pose.py -> /home/bingda/ros2_ws/install/car_application/lib/python3.10/site-packages/car_application
byte-compiling /home/bingda/ros2_ws/install/car_application/lib/python3.10/site-packages/car_application/__init__.py to __init__.cpython-310.pyc
byte-compiling /home/bingda/ros2_ws/install/car_application/lib/python3.10/site-packages/car_application/nav_to_pose.py to nav_to_pose.cpython-310.pyc
byte-compiling /home/bingda/ros2_ws/install/car_application/lib/python3.10/site-packages/car_application/waypoint_follower.py to waypoint_follower.cpython-310.pyc
byte-compiling /home/bingda/ros2_ws/install/car_application/lib/python3.10/site-packages/car_application/init_robot_pose.py to init_robot_pose.cpython-310.pyc
byte-compiling /home/bingda/ros2_ws/install/car_application/lib/python3.10/site-packages/car_application/get_robot_pose.py to get_robot_pose.cpython-310.pyc
running install_data
creating /home/bingda/ros2_ws/install/car_application/share/ament_index
creating /home/bingda/ros2_ws/install/car_application/share/ament_index/resource_index
creating /home/bingda/ros2_ws/install/car_application/share/ament_index/resource_index/packages
copying resource/car_application -> /home/bingda/ros2_ws/install/car_application/share/ament_index/resource_index/packages
copying package.xml -> /home/bingda/ros2_ws/install/car_application/share/car_application
running install_egg_info
Copying ../../build/car_application/car_application.egg-info to /home/bingda/ros2_ws/install/car_application/lib/python3.10/site-packages/car_application-0.0.0-py3.10.egg-info
running install_scripts
Installing get_robot_pose script to /home/bingda/ros2_ws/install/car_application/lib/car_application
Installing init_robot_pose script to /home/bingda/ros2_ws/install/car_application/lib/car_application
Installing nav_to_pose script to /home/bingda/ros2_ws/install/car_application/lib/car_application
Installing waypoint_follower script to /home/bingda/ros2_ws/install/car_application/lib/car_application
writing list of installed files to '/home/bingda/ros2_ws/build/car_application/install.log'
