[5.586s] Invoking command in '/home/bingda/ros2_ws/src/car_application': PYTHONPATH=/home/bingda/ros2_ws/build/car_application/prefix_override:/usr/lib/python3/dist-packages/colcon_core/task/python/colcon_distutils_commands:/home/bingda/ros2_ws/install/car_application/lib/python3.10/site-packages:${PYTHONPATH} /usr/bin/python3 -W ignore:setup.py install is deprecated -W ignore:easy_install command is deprecated setup.py egg_info --egg-base ../../build/car_application build --build-base /home/bingda/ros2_ws/build/car_application/build install --record /home/bingda/ros2_ws/build/car_application/install.log --single-version-externally-managed install_data
[6.267s] running egg_info
[6.268s] creating ../../build/car_application/car_application.egg-info
[6.269s] writing ../../build/car_application/car_application.egg-info/PKG-INFO
[6.270s] writing dependency_links to ../../build/car_application/car_application.egg-info/dependency_links.txt
[6.271s] writing entry points to ../../build/car_application/car_application.egg-info/entry_points.txt
[6.272s] writing requirements to ../../build/car_application/car_application.egg-info/requires.txt
[6.272s] writing top-level names to ../../build/car_application/car_application.egg-info/top_level.txt
[6.273s] writing manifest file '../../build/car_application/car_application.egg-info/SOURCES.txt'
[6.275s] reading manifest file '../../build/car_application/car_application.egg-info/SOURCES.txt'
[6.277s] adding license file 'LICENSE'
[6.278s] writing manifest file '../../build/car_application/car_application.egg-info/SOURCES.txt'
[6.286s] running build
[6.287s] running build_py
[6.287s] creating /home/bingda/ros2_ws/build/car_application/build
[6.288s] creating /home/bingda/ros2_ws/build/car_application/build/lib
[6.288s] creating /home/bingda/ros2_ws/build/car_application/build/lib/car_application
[6.288s] copying car_application/__init__.py -> /home/bingda/ros2_ws/build/car_application/build/lib/car_application
[6.289s] copying car_application/nav_to_pose.py -> /home/bingda/ros2_ws/build/car_application/build/lib/car_application
[6.290s] copying car_application/waypoint_follower.py -> /home/bingda/ros2_ws/build/car_application/build/lib/car_application
[6.292s] copying car_application/init_robot_pose.py -> /home/bingda/ros2_ws/build/car_application/build/lib/car_application
[6.294s] copying car_application/get_robot_pose.py -> /home/bingda/ros2_ws/build/car_application/build/lib/car_application
[6.296s] running install
[6.296s] running install_lib
[6.298s] creating /home/bingda/ros2_ws/install/car_application/lib/python3.10/site-packages/car_application
[6.298s] copying /home/bingda/ros2_ws/build/car_application/build/lib/car_application/__init__.py -> /home/bingda/ros2_ws/install/car_application/lib/python3.10/site-packages/car_application
[6.298s] copying /home/bingda/ros2_ws/build/car_application/build/lib/car_application/nav_to_pose.py -> /home/bingda/ros2_ws/install/car_application/lib/python3.10/site-packages/car_application
[6.299s] copying /home/bingda/ros2_ws/build/car_application/build/lib/car_application/waypoint_follower.py -> /home/bingda/ros2_ws/install/car_application/lib/python3.10/site-packages/car_application
[6.299s] copying /home/bingda/ros2_ws/build/car_application/build/lib/car_application/init_robot_pose.py -> /home/bingda/ros2_ws/install/car_application/lib/python3.10/site-packages/car_application
[6.299s] copying /home/bingda/ros2_ws/build/car_application/build/lib/car_application/get_robot_pose.py -> /home/bingda/ros2_ws/install/car_application/lib/python3.10/site-packages/car_application
[6.301s] byte-compiling /home/bingda/ros2_ws/install/car_application/lib/python3.10/site-packages/car_application/__init__.py to __init__.cpython-310.pyc
[6.302s] byte-compiling /home/bingda/ros2_ws/install/car_application/lib/python3.10/site-packages/car_application/nav_to_pose.py to nav_to_pose.cpython-310.pyc
[6.303s] byte-compiling /home/bingda/ros2_ws/install/car_application/lib/python3.10/site-packages/car_application/waypoint_follower.py to waypoint_follower.cpython-310.pyc
[6.305s] byte-compiling /home/bingda/ros2_ws/install/car_application/lib/python3.10/site-packages/car_application/init_robot_pose.py to init_robot_pose.cpython-310.pyc
[6.306s] byte-compiling /home/bingda/ros2_ws/install/car_application/lib/python3.10/site-packages/car_application/get_robot_pose.py to get_robot_pose.cpython-310.pyc
[6.310s] running install_data
[6.311s] creating /home/bingda/ros2_ws/install/car_application/share/ament_index
[6.356s] creating /home/bingda/ros2_ws/install/car_application/share/ament_index/resource_index
[6.356s] creating /home/bingda/ros2_ws/install/car_application/share/ament_index/resource_index/packages
[6.357s] copying resource/car_application -> /home/bingda/ros2_ws/install/car_application/share/ament_index/resource_index/packages
[6.357s] copying package.xml -> /home/bingda/ros2_ws/install/car_application/share/car_application
[6.358s] running install_egg_info
[6.374s] Copying ../../build/car_application/car_application.egg-info to /home/bingda/ros2_ws/install/car_application/lib/python3.10/site-packages/car_application-0.0.0-py3.10.egg-info
[6.376s] running install_scripts
[6.473s] Installing get_robot_pose script to /home/bingda/ros2_ws/install/car_application/lib/car_application
[6.474s] Installing init_robot_pose script to /home/bingda/ros2_ws/install/car_application/lib/car_application
[6.477s] Installing nav_to_pose script to /home/bingda/ros2_ws/install/car_application/lib/car_application
[6.478s] Installing waypoint_follower script to /home/bingda/ros2_ws/install/car_application/lib/car_application
[6.480s] writing list of installed files to '/home/bingda/ros2_ws/build/car_application/install.log'
[6.991s] Invoked command in '/home/bingda/ros2_ws/src/car_application' returned '0': PYTHONPATH=/home/bingda/ros2_ws/build/car_application/prefix_override:/usr/lib/python3/dist-packages/colcon_core/task/python/colcon_distutils_commands:/home/bingda/ros2_ws/install/car_application/lib/python3.10/site-packages:${PYTHONPATH} /usr/bin/python3 -W ignore:setup.py install is deprecated -W ignore:easy_install command is deprecated setup.py egg_info --egg-base ../../build/car_application build --build-base /home/bingda/ros2_ws/build/car_application/build install --record /home/bingda/ros2_ws/build/car_application/install.log --single-version-externally-managed install_data
