[0.119s] Invoking command in '/home/bingda/ros2_ws/build/slam_gmapping': CMAKE_PREFIX_PATH=/home/bingda/ros2_ws/install/openslam_gmapping:/home/bingda/ros2_ws/install/cpp06_urdf:/home/bingda/ros2_ws/install/sllidar_ros2:/home/bingda/ros2_ws/install/slam_gmapping:/home/bingda/ros2_ws/install/object_information_msgs_ros2:/home/bingda/ros2_ws/install/astra_camera:/home/bingda/ros2_ws/install/astra_camera_msgs:/home/bingda/NanoRobot/install/cpp06_urdf:/home/bingda/NanoRobot/install/car_navigation2:/home/bingda/NanoRobot/install/autopartol_interfaces:/home/bingda/ros2_ws/install/car_application:/home/bingda/ros2_ws/install/base_control_ros2:/home/bingda/ros2_ws/install/robot_vslam_ros2:/home/bingda/ros2_ws/install/robot_vision_ros2:/home/bingda/ros2_ws/install/robot_navigation_ros2:/home/bingda/ros2_ws/install/ncnn_ros2:/home/bingda/NanoRobot/install/car_application:/home/bingda/NanoRobot/install/autopartol_robot:/opt/ros/humble /usr/bin/cmake /home/bingda/ros2_ws/src/depend_pkg/slam_gmapping/slam_gmapping -DCMAKE_INSTALL_PREFIX=/home/bingda/ros2_ws/install/slam_gmapping
[0.851s] -- The C compiler identification is GNU 11.4.0
[1.612s] -- The CXX compiler identification is GNU 11.4.0
[1.695s] -- Detecting C compiler ABI info
[2.330s] -- Detecting C compiler ABI info - done
[2.353s] -- Check for working C compiler: /usr/bin/cc - skipped
[2.354s] -- Detecting C compile features
[2.355s] -- Detecting C compile features - done
[2.369s] -- Detecting CXX compiler ABI info
[2.856s] -- Detecting CXX compiler ABI info - done
[2.878s] -- Check for working CXX compiler: /usr/bin/c++ - skipped
[2.878s] -- Detecting CXX compile features
[2.881s] -- Detecting CXX compile features - done
[2.884s] [0m -fuse-ld=lld -Wl,--disable-new-dtags[0m
[2.893s] -- Found ament_cmake: 1.3.11 (/opt/ros/humble/share/ament_cmake/cmake)
[3.663s] -- Found Python3: /usr/bin/python3 (found version "3.10.12") found components: Interpreter 
[3.938s] -- Found std_msgs: 4.8.0 (/opt/ros/humble/share/std_msgs/cmake)
[4.028s] -- Found rosidl_generator_c: 3.1.6 (/opt/ros/humble/share/rosidl_generator_c/cmake)
[4.044s] -- Found rosidl_adapter: 3.1.6 (/opt/ros/humble/share/rosidl_adapter/cmake)
[4.074s] -- Found rosidl_generator_cpp: 3.1.6 (/opt/ros/humble/share/rosidl_generator_cpp/cmake)
[4.134s] -- Using all available rosidl_typesupport_c: rosidl_typesupport_fastrtps_c;rosidl_typesupport_introspection_c
[4.228s] -- Using all available rosidl_typesupport_cpp: rosidl_typesupport_fastrtps_cpp;rosidl_typesupport_introspection_cpp
[4.421s] -- Found nav_msgs: 4.8.0 (/opt/ros/humble/share/nav_msgs/cmake)
[4.782s] -- Found tf2: 0.25.12 (/opt/ros/humble/share/tf2/cmake)
[4.906s] -- Found tf2_ros: 0.25.12 (/opt/ros/humble/share/tf2_ros/cmake)
[5.389s] -- Found rmw_implementation_cmake: 6.1.2 (/opt/ros/humble/share/rmw_implementation_cmake/cmake)
[5.409s] -- Found rmw_fastrtps_cpp: 6.2.7 (/opt/ros/humble/share/rmw_fastrtps_cpp/cmake)
[6.053s] -- Found OpenSSL: /usr/lib/aarch64-linux-gnu/libcrypto.so (found version "3.0.2")  
[6.244s] -- Found FastRTPS: /opt/ros/humble/include  
[6.529s] -- Using RMW implementation 'rmw_fastrtps_cpp' as default
[6.572s] -- Looking for pthread.h
[6.984s] -- Looking for pthread.h - found
[6.985s] -- Performing Test CMAKE_HAVE_LIBC_PTHREAD
[7.508s] -- Performing Test CMAKE_HAVE_LIBC_PTHREAD - Success
[7.517s] -- Found Threads: TRUE  
[7.721s] -- Found tf2_geometry_msgs: 0.25.12 (/opt/ros/humble/share/tf2_geometry_msgs/cmake)
[7.773s] -- Found eigen3_cmake_module: 0.1.1 (/opt/ros/humble/share/eigen3_cmake_module/cmake)
[7.795s] -- Found Eigen3: TRUE (found version "3.4.0") 
[7.796s] -- Ensuring Eigen3 include directory is part of orocos-kdl CMake target
[7.820s] -- Found sensor_msgs: 4.8.0 (/opt/ros/humble/share/sensor_msgs/cmake)
[7.948s] -- Found visualization_msgs: 4.8.0 (/opt/ros/humble/share/visualization_msgs/cmake)
[8.134s] -- Found openslam_gmapping: 0.1.2 (/home/bingda/ros2_ws/install/openslam_gmapping/share/openslam_gmapping/cmake)
[8.139s] -- Found ament_lint_auto: 0.12.12 (/opt/ros/humble/share/ament_lint_auto/cmake)
[8.334s] -- Added test 'cppcheck' to perform static code analysis on C / C++ code
[8.334s] -- Configured cppcheck include dirs: /home/bingda/ros2_ws/src/depend_pkg/slam_gmapping/slam_gmapping/include
[8.334s] -- Configured cppcheck exclude dirs and/or files: 
[8.335s] -- Added test 'flake8' to check Python code syntax and style conventions
[8.337s] -- Added test 'lint_cmake' to check CMake code style
[8.338s] -- Added test 'pep257' to check Python code against some of the docstring style conventions in PEP 257
[8.339s] -- Added test 'uncrustify' to check C / C++ code style
[8.339s] -- Configured uncrustify additional arguments: 
[8.340s] -- Added test 'xmllint' to check XML markup files
[8.343s] -- Configuring done
[8.372s] -- Generating done
[8.379s] -- Build files have been written to: /home/bingda/ros2_ws/build/slam_gmapping
[8.412s] Invoked command in '/home/bingda/ros2_ws/build/slam_gmapping' returned '0': CMAKE_PREFIX_PATH=/home/bingda/ros2_ws/install/openslam_gmapping:/home/bingda/ros2_ws/install/cpp06_urdf:/home/bingda/ros2_ws/install/sllidar_ros2:/home/bingda/ros2_ws/install/slam_gmapping:/home/bingda/ros2_ws/install/object_information_msgs_ros2:/home/bingda/ros2_ws/install/astra_camera:/home/bingda/ros2_ws/install/astra_camera_msgs:/home/bingda/NanoRobot/install/cpp06_urdf:/home/bingda/NanoRobot/install/car_navigation2:/home/bingda/NanoRobot/install/autopartol_interfaces:/home/bingda/ros2_ws/install/car_application:/home/bingda/ros2_ws/install/base_control_ros2:/home/bingda/ros2_ws/install/robot_vslam_ros2:/home/bingda/ros2_ws/install/robot_vision_ros2:/home/bingda/ros2_ws/install/robot_navigation_ros2:/home/bingda/ros2_ws/install/ncnn_ros2:/home/bingda/NanoRobot/install/car_application:/home/bingda/NanoRobot/install/autopartol_robot:/opt/ros/humble /usr/bin/cmake /home/bingda/ros2_ws/src/depend_pkg/slam_gmapping/slam_gmapping -DCMAKE_INSTALL_PREFIX=/home/bingda/ros2_ws/install/slam_gmapping
[8.413s] Invoking command in '/home/bingda/ros2_ws/build/slam_gmapping': CMAKE_PREFIX_PATH=/home/bingda/ros2_ws/install/openslam_gmapping:/home/bingda/ros2_ws/install/cpp06_urdf:/home/bingda/ros2_ws/install/sllidar_ros2:/home/bingda/ros2_ws/install/slam_gmapping:/home/bingda/ros2_ws/install/object_information_msgs_ros2:/home/bingda/ros2_ws/install/astra_camera:/home/bingda/ros2_ws/install/astra_camera_msgs:/home/bingda/NanoRobot/install/cpp06_urdf:/home/bingda/NanoRobot/install/car_navigation2:/home/bingda/NanoRobot/install/autopartol_interfaces:/home/bingda/ros2_ws/install/car_application:/home/bingda/ros2_ws/install/base_control_ros2:/home/bingda/ros2_ws/install/robot_vslam_ros2:/home/bingda/ros2_ws/install/robot_vision_ros2:/home/bingda/ros2_ws/install/robot_navigation_ros2:/home/bingda/ros2_ws/install/ncnn_ros2:/home/bingda/NanoRobot/install/car_application:/home/bingda/NanoRobot/install/autopartol_robot:/opt/ros/humble /usr/bin/cmake --build /home/bingda/ros2_ws/build/slam_gmapping -- -j8 -l8
[8.582s] [ 50%] [32mBuilding CXX object CMakeFiles/slam_gmapping.dir/src/slam_gmapping.cpp.o[0m
[18.361s] In file included from [01m[K/usr/include/c++/11/utility:70[m[K,
[18.362s]                  from [01m[K/usr/include/c++/11/tuple:38[m[K,
[18.363s]                  from [01m[K/usr/include/c++/11/mutex:38[m[K,
[18.364s]                  from [01m[K/home/bingda/ros2_ws/src/depend_pkg/slam_gmapping/slam_gmapping/include/slam_gmapping/slam_gmapping.h:26[m[K,
[18.364s]                  from [01m[K/home/bingda/ros2_ws/src/depend_pkg/slam_gmapping/slam_gmapping/src/slam_gmapping.cpp:24[m[K:
[18.365s] /usr/include/c++/11/bits/stl_pair.h: In instantiation of ‘[01m[Kconstexpr std::pair<typename std::__strip_reference_wrapper<typename std::decay<_Tp>::type>::__type, typename std::__strip_reference_wrapper<typename std::decay<_Tp2>::type>::__type> std::make_pair(_T1&&, _T2&&) [with _T1 = GMapping::point<double>&; _T2 = GMapping::point<double>&; typename std::__strip_reference_wrapper<typename std::decay<_Tp2>::type>::__type = GMapping::point<double>; typename std::decay<_Tp2>::type = std::decay<GMapping::point<double>&>::type; typename std::__strip_reference_wrapper<typename std::decay<_Tp>::type>::__type = GMapping::point<double>; typename std::decay<_Tp>::type = std::decay<GMapping::point<double>&>::type][m[K’:
[18.368s] [01m[K/home/bingda/ros2_ws/install/openslam_gmapping/include/gmapping/scanmatcher/scanmatcher.h:127:34:[m[K   required from here
[18.369s] [01m[K/usr/include/c++/11/bits/stl_pair.h:567:5:[m[K [01;36m[Knote: [m[Kparameter passing for argument of type ‘[01m[Kstd::pair<GMapping::point<double>, GMapping::point<double> >[m[K’ when C++17 is enabled changed to match C++14 ]8;;https://gcc.gnu.org/gcc-10/changes.html#empty_basein GCC 10.1]8;;
[18.369s]   567 |     [01;36m[Kmake_pair[m[K(_T1&& __x, _T2&& __y)
[18.370s]       |     [01;36m[K^~~~~~~~~[m[K
[42.245s] [100%] [32m[1mLinking CXX executable slam_gmapping[0m
[44.174s] [100%] Built target slam_gmapping
[44.196s] Invoked command in '/home/bingda/ros2_ws/build/slam_gmapping' returned '0': CMAKE_PREFIX_PATH=/home/bingda/ros2_ws/install/openslam_gmapping:/home/bingda/ros2_ws/install/cpp06_urdf:/home/bingda/ros2_ws/install/sllidar_ros2:/home/bingda/ros2_ws/install/slam_gmapping:/home/bingda/ros2_ws/install/object_information_msgs_ros2:/home/bingda/ros2_ws/install/astra_camera:/home/bingda/ros2_ws/install/astra_camera_msgs:/home/bingda/NanoRobot/install/cpp06_urdf:/home/bingda/NanoRobot/install/car_navigation2:/home/bingda/NanoRobot/install/autopartol_interfaces:/home/bingda/ros2_ws/install/car_application:/home/bingda/ros2_ws/install/base_control_ros2:/home/bingda/ros2_ws/install/robot_vslam_ros2:/home/bingda/ros2_ws/install/robot_vision_ros2:/home/bingda/ros2_ws/install/robot_navigation_ros2:/home/bingda/ros2_ws/install/ncnn_ros2:/home/bingda/NanoRobot/install/car_application:/home/bingda/NanoRobot/install/autopartol_robot:/opt/ros/humble /usr/bin/cmake --build /home/bingda/ros2_ws/build/slam_gmapping -- -j8 -l8
[44.197s] Invoking command in '/home/bingda/ros2_ws/build/slam_gmapping': CMAKE_PREFIX_PATH=/home/bingda/ros2_ws/install/openslam_gmapping:/home/bingda/ros2_ws/install/cpp06_urdf:/home/bingda/ros2_ws/install/sllidar_ros2:/home/bingda/ros2_ws/install/slam_gmapping:/home/bingda/ros2_ws/install/object_information_msgs_ros2:/home/bingda/ros2_ws/install/astra_camera:/home/bingda/ros2_ws/install/astra_camera_msgs:/home/bingda/NanoRobot/install/cpp06_urdf:/home/bingda/NanoRobot/install/car_navigation2:/home/bingda/NanoRobot/install/autopartol_interfaces:/home/bingda/ros2_ws/install/car_application:/home/bingda/ros2_ws/install/base_control_ros2:/home/bingda/ros2_ws/install/robot_vslam_ros2:/home/bingda/ros2_ws/install/robot_vision_ros2:/home/bingda/ros2_ws/install/robot_navigation_ros2:/home/bingda/ros2_ws/install/ncnn_ros2:/home/bingda/NanoRobot/install/car_application:/home/bingda/NanoRobot/install/autopartol_robot:/opt/ros/humble /usr/bin/cmake --install /home/bingda/ros2_ws/build/slam_gmapping
[44.209s] -- Install configuration: ""
[44.209s] -- Installing: /home/bingda/ros2_ws/install/slam_gmapping/lib/slam_gmapping/slam_gmapping
[44.217s] -- Set runtime path of "/home/bingda/ros2_ws/install/slam_gmapping/lib/slam_gmapping/slam_gmapping" to ""
[44.218s] -- Installing: /home/bingda/ros2_ws/install/slam_gmapping/share/slam_gmapping/launch
[44.219s] -- Installing: /home/bingda/ros2_ws/install/slam_gmapping/share/slam_gmapping/launch/slam_gmapping.launch.py
[44.220s] -- Installing: /home/bingda/ros2_ws/install/slam_gmapping/share/ament_index/resource_index/package_run_dependencies/slam_gmapping
[44.221s] -- Installing: /home/bingda/ros2_ws/install/slam_gmapping/share/ament_index/resource_index/parent_prefix_path/slam_gmapping
[44.222s] -- Installing: /home/bingda/ros2_ws/install/slam_gmapping/share/slam_gmapping/environment/ament_prefix_path.sh
[44.222s] -- Installing: /home/bingda/ros2_ws/install/slam_gmapping/share/slam_gmapping/environment/ament_prefix_path.dsv
[44.222s] -- Installing: /home/bingda/ros2_ws/install/slam_gmapping/share/slam_gmapping/environment/path.sh
[44.223s] -- Installing: /home/bingda/ros2_ws/install/slam_gmapping/share/slam_gmapping/environment/path.dsv
[44.223s] -- Installing: /home/bingda/ros2_ws/install/slam_gmapping/share/slam_gmapping/local_setup.bash
[44.224s] -- Installing: /home/bingda/ros2_ws/install/slam_gmapping/share/slam_gmapping/local_setup.sh
[44.226s] -- Installing: /home/bingda/ros2_ws/install/slam_gmapping/share/slam_gmapping/local_setup.zsh
[44.226s] -- Installing: /home/bingda/ros2_ws/install/slam_gmapping/share/slam_gmapping/local_setup.dsv
[44.226s] -- Installing: /home/bingda/ros2_ws/install/slam_gmapping/share/slam_gmapping/package.dsv
[44.227s] -- Installing: /home/bingda/ros2_ws/install/slam_gmapping/share/ament_index/resource_index/packages/slam_gmapping
[44.227s] -- Installing: /home/bingda/ros2_ws/install/slam_gmapping/share/slam_gmapping/cmake/slam_gmappingConfig.cmake
[44.228s] -- Installing: /home/bingda/ros2_ws/install/slam_gmapping/share/slam_gmapping/cmake/slam_gmappingConfig-version.cmake
[44.228s] -- Installing: /home/bingda/ros2_ws/install/slam_gmapping/share/slam_gmapping/package.xml
[44.229s] Invoked command in '/home/bingda/ros2_ws/build/slam_gmapping' returned '0': CMAKE_PREFIX_PATH=/home/bingda/ros2_ws/install/openslam_gmapping:/home/bingda/ros2_ws/install/cpp06_urdf:/home/bingda/ros2_ws/install/sllidar_ros2:/home/bingda/ros2_ws/install/slam_gmapping:/home/bingda/ros2_ws/install/object_information_msgs_ros2:/home/bingda/ros2_ws/install/astra_camera:/home/bingda/ros2_ws/install/astra_camera_msgs:/home/bingda/NanoRobot/install/cpp06_urdf:/home/bingda/NanoRobot/install/car_navigation2:/home/bingda/NanoRobot/install/autopartol_interfaces:/home/bingda/ros2_ws/install/car_application:/home/bingda/ros2_ws/install/base_control_ros2:/home/bingda/ros2_ws/install/robot_vslam_ros2:/home/bingda/ros2_ws/install/robot_vision_ros2:/home/bingda/ros2_ws/install/robot_navigation_ros2:/home/bingda/ros2_ws/install/ncnn_ros2:/home/bingda/NanoRobot/install/car_application:/home/bingda/NanoRobot/install/autopartol_robot:/opt/ros/humble /usr/bin/cmake --install /home/bingda/ros2_ws/build/slam_gmapping
