[0.160s] Invoking command in '/home/bingda/ros2_ws/build/sllidar_ros2': CMAKE_PREFIX_PATH=${CMAKE_PREFIX_PATH}:/home/bingda/ros2_ws/install/car_application:/home/bingda/ros2_ws/install/base_control_ros2:/home/bingda/ros2_ws/install/robot_vslam_ros2:/home/bingda/ros2_ws/install/robot_vision_ros2:/home/bingda/ros2_ws/install/robot_navigation_ros2:/home/bingda/ros2_ws/install/ncnn_ros2:/home/bingda/NanoRobot/install/car_application:/home/bingda/NanoRobot/install/autopartol_robot:/opt/ros/humble /usr/bin/cmake /home/bingda/ros2_ws/src/hardware_driver/lidar/sllidar_ros2 -DCMAKE_INSTALL_PREFIX=/home/bingda/ros2_ws/install/sllidar_ros2
[0.533s] -- The C compiler identification is GNU 11.4.0
[0.963s] -- The CXX compiler identification is GNU 11.4.0
[1.002s] -- Detecting C compiler ABI info
[1.324s] -- Detecting C compiler ABI info - done
[1.344s] -- Check for working C compiler: /usr/bin/cc - skipped
[1.346s] -- Detecting C compile features
[1.350s] -- Detecting C compile features - done
[1.357s] -- Detecting CXX compiler ABI info
[1.708s] -- Detecting CXX compiler ABI info - done
[1.732s] -- Check for working CXX compiler: /usr/bin/c++ - skipped
[1.733s] -- Detecting CXX compile features
[1.734s] -- Detecting CXX compile features - done
[1.753s] -- Found ament_cmake: 1.3.11 (/opt/ros/humble/share/ament_cmake/cmake)
[3.216s] -- Found Python3: /usr/bin/python3 (found version "3.10.12") found components: Interpreter 
[3.474s] -- Found rclcpp: 16.0.12 (/opt/ros/humble/share/rclcpp/cmake)
[3.721s] -- Found rosidl_generator_c: 3.1.6 (/opt/ros/humble/share/rosidl_generator_c/cmake)
[3.775s] -- Found rosidl_adapter: 3.1.6 (/opt/ros/humble/share/rosidl_adapter/cmake)
[3.830s] -- Found rosidl_generator_cpp: 3.1.6 (/opt/ros/humble/share/rosidl_generator_cpp/cmake)
[3.909s] -- Using all available rosidl_typesupport_c: rosidl_typesupport_fastrtps_c;rosidl_typesupport_introspection_c
[4.016s] -- Using all available rosidl_typesupport_cpp: rosidl_typesupport_fastrtps_cpp;rosidl_typesupport_introspection_cpp
[4.182s] -- Found rmw_implementation_cmake: 6.1.2 (/opt/ros/humble/share/rmw_implementation_cmake/cmake)
[4.194s] -- Found rmw_fastrtps_cpp: 6.2.7 (/opt/ros/humble/share/rmw_fastrtps_cpp/cmake)
[4.806s] -- Found OpenSSL: /usr/lib/aarch64-linux-gnu/libcrypto.so (found version "3.0.2")  
[5.010s] -- Found FastRTPS: /opt/ros/humble/include  
[5.331s] -- Using RMW implementation 'rmw_fastrtps_cpp' as default
[5.413s] -- Looking for pthread.h
[6.096s] -- Looking for pthread.h - found
[6.096s] -- Performing Test CMAKE_HAVE_LIBC_PTHREAD
[6.781s] -- Performing Test CMAKE_HAVE_LIBC_PTHREAD - Success
[6.783s] -- Found Threads: TRUE  
[7.634s] -- Found sensor_msgs: 4.8.0 (/opt/ros/humble/share/sensor_msgs/cmake)
[8.243s] -- Found std_srvs: 4.8.0 (/opt/ros/humble/share/std_srvs/cmake)
[9.194s] -- Configuring done
[9.616s] -- Generating done
[9.735s] -- Build files have been written to: /home/bingda/ros2_ws/build/sllidar_ros2
[10.031s] Invoked command in '/home/bingda/ros2_ws/build/sllidar_ros2' returned '0': CMAKE_PREFIX_PATH=${CMAKE_PREFIX_PATH}:/home/bingda/ros2_ws/install/car_application:/home/bingda/ros2_ws/install/base_control_ros2:/home/bingda/ros2_ws/install/robot_vslam_ros2:/home/bingda/ros2_ws/install/robot_vision_ros2:/home/bingda/ros2_ws/install/robot_navigation_ros2:/home/bingda/ros2_ws/install/ncnn_ros2:/home/bingda/NanoRobot/install/car_application:/home/bingda/NanoRobot/install/autopartol_robot:/opt/ros/humble /usr/bin/cmake /home/bingda/ros2_ws/src/hardware_driver/lidar/sllidar_ros2 -DCMAKE_INSTALL_PREFIX=/home/bingda/ros2_ws/install/sllidar_ros2
[10.035s] Invoking command in '/home/bingda/ros2_ws/build/sllidar_ros2': CMAKE_PREFIX_PATH=${CMAKE_PREFIX_PATH}:/home/bingda/ros2_ws/install/car_application:/home/bingda/ros2_ws/install/base_control_ros2:/home/bingda/ros2_ws/install/robot_vslam_ros2:/home/bingda/ros2_ws/install/robot_vision_ros2:/home/bingda/ros2_ws/install/robot_navigation_ros2:/home/bingda/ros2_ws/install/ncnn_ros2:/home/bingda/NanoRobot/install/car_application:/home/bingda/NanoRobot/install/autopartol_robot:/opt/ros/humble /usr/bin/cmake --build /home/bingda/ros2_ws/build/sllidar_ros2 -- -j8 -l8
[10.556s] [  5%] [32mBuilding CXX object CMakeFiles/sllidar_node.dir/src/sllidar_node.cpp.o[0m
[10.564s] [ 10%] [32mBuilding CXX object CMakeFiles/sllidar_client.dir/src/sllidar_client.cpp.o[0m
[10.590s] [ 15%] [32mBuilding CXX object CMakeFiles/sllidar_node.dir/sdk/src/dataunpacker/dataunpacker.cpp.o[0m
[10.599s] [ 20%] [32mBuilding CXX object CMakeFiles/sllidar_node.dir/sdk/src/dataunpacker/unpacker/handler_capsules.cpp.o[0m
[10.616s] [ 25%] [32mBuilding CXX object CMakeFiles/sllidar_node.dir/sdk/src/arch/linux/net_serial.cpp.o[0m
[10.644s] [ 30%] [32mBuilding CXX object CMakeFiles/sllidar_node.dir/sdk/src/arch/linux/net_socket.cpp.o[0m
[10.646s] [ 35%] [32mBuilding CXX object CMakeFiles/sllidar_node.dir/sdk/src/arch/linux/timer.cpp.o[0m
[10.654s] [ 40%] [32mBuilding CXX object CMakeFiles/sllidar_node.dir/sdk/src/dataunpacker/unpacker/handler_hqnode.cpp.o[0m
[30.443s] [ 45%] [32mBuilding CXX object CMakeFiles/sllidar_node.dir/sdk/src/sl_lidar_driver.cpp.o[0m
[33.145s] [ 50%] [32mBuilding CXX object CMakeFiles/sllidar_node.dir/sdk/src/sl_lidarprotocol_codec.cpp.o[0m
[35.209s] [ 55%] [32mBuilding CXX object CMakeFiles/sllidar_node.dir/sdk/src/sl_serial_channel.cpp.o[0m
[36.283s] [ 60%] [32mBuilding CXX object CMakeFiles/sllidar_node.dir/sdk/src/sl_tcp_channel.cpp.o[0m
[37.079s] [ 65%] [32mBuilding CXX object CMakeFiles/sllidar_node.dir/sdk/src/sl_udp_channel.cpp.o[0m
[37.935s] [ 70%] [32mBuilding CXX object CMakeFiles/sllidar_node.dir/sdk/src/sl_crc.cpp.o[0m
[38.101s] [ 75%] [32mBuilding CXX object CMakeFiles/sllidar_node.dir/sdk/src/sl_async_transceiver.cpp.o[0m
[39.748s] [ 80%] [32mBuilding CXX object CMakeFiles/sllidar_node.dir/sdk/src/rplidar_driver.cpp.o[0m
[41.401s] [ 85%] [32mBuilding CXX object CMakeFiles/sllidar_node.dir/sdk/src/hal/thread.cpp.o[0m
[42.870s] [ 90%] [32m[1mLinking CXX executable sllidar_client[0m
[42.995s] [ 95%] [32mBuilding CXX object CMakeFiles/sllidar_node.dir/sdk/src/dataunpacker/unpacker/handler_normalnode.cpp.o[0m
[44.638s] [100%] [32m[1mLinking CXX executable sllidar_node[0m
[44.702s] [100%] Built target sllidar_client
[45.968s] [100%] Built target sllidar_node
[46.020s] Invoked command in '/home/bingda/ros2_ws/build/sllidar_ros2' returned '0': CMAKE_PREFIX_PATH=${CMAKE_PREFIX_PATH}:/home/bingda/ros2_ws/install/car_application:/home/bingda/ros2_ws/install/base_control_ros2:/home/bingda/ros2_ws/install/robot_vslam_ros2:/home/bingda/ros2_ws/install/robot_vision_ros2:/home/bingda/ros2_ws/install/robot_navigation_ros2:/home/bingda/ros2_ws/install/ncnn_ros2:/home/bingda/NanoRobot/install/car_application:/home/bingda/NanoRobot/install/autopartol_robot:/opt/ros/humble /usr/bin/cmake --build /home/bingda/ros2_ws/build/sllidar_ros2 -- -j8 -l8
[46.021s] Invoking command in '/home/bingda/ros2_ws/build/sllidar_ros2': CMAKE_PREFIX_PATH=${CMAKE_PREFIX_PATH}:/home/bingda/ros2_ws/install/car_application:/home/bingda/ros2_ws/install/base_control_ros2:/home/bingda/ros2_ws/install/robot_vslam_ros2:/home/bingda/ros2_ws/install/robot_vision_ros2:/home/bingda/ros2_ws/install/robot_navigation_ros2:/home/bingda/ros2_ws/install/ncnn_ros2:/home/bingda/NanoRobot/install/car_application:/home/bingda/NanoRobot/install/autopartol_robot:/opt/ros/humble /usr/bin/cmake --install /home/bingda/ros2_ws/build/sllidar_ros2
[46.043s] -- Install configuration: ""
[46.043s] -- Installing: /home/bingda/ros2_ws/install/sllidar_ros2/share/sllidar_ros2/launch
[46.046s] -- Installing: /home/bingda/ros2_ws/install/sllidar_ros2/share/sllidar_ros2/launch/view_sllidar_a1_launch.py
[46.053s] -- Installing: /home/bingda/ros2_ws/install/sllidar_ros2/share/sllidar_ros2/launch/sllidar_a1_super_launch.py
[46.053s] -- Installing: /home/bingda/ros2_ws/install/sllidar_ros2/share/sllidar_ros2/rviz
[46.053s] -- Installing: /home/bingda/ros2_ws/install/sllidar_ros2/share/sllidar_ros2/rviz/sllidar_ros2.rviz
[46.054s] -- Installing: /home/bingda/ros2_ws/install/sllidar_ros2/lib/sllidar_ros2/sllidar_node
[46.085s] -- Set runtime path of "/home/bingda/ros2_ws/install/sllidar_ros2/lib/sllidar_ros2/sllidar_node" to ""
[46.087s] -- Installing: /home/bingda/ros2_ws/install/sllidar_ros2/lib/sllidar_ros2/sllidar_client
[46.113s] -- Set runtime path of "/home/bingda/ros2_ws/install/sllidar_ros2/lib/sllidar_ros2/sllidar_client" to ""
[46.116s] -- Installing: /home/bingda/ros2_ws/install/sllidar_ros2/share/ament_index/resource_index/package_run_dependencies/sllidar_ros2
[46.116s] -- Installing: /home/bingda/ros2_ws/install/sllidar_ros2/share/ament_index/resource_index/parent_prefix_path/sllidar_ros2
[46.119s] -- Installing: /home/bingda/ros2_ws/install/sllidar_ros2/share/sllidar_ros2/environment/ament_prefix_path.sh
[46.119s] -- Installing: /home/bingda/ros2_ws/install/sllidar_ros2/share/sllidar_ros2/environment/ament_prefix_path.dsv
[46.119s] -- Installing: /home/bingda/ros2_ws/install/sllidar_ros2/share/sllidar_ros2/environment/path.sh
[46.119s] -- Installing: /home/bingda/ros2_ws/install/sllidar_ros2/share/sllidar_ros2/environment/path.dsv
[46.120s] -- Installing: /home/bingda/ros2_ws/install/sllidar_ros2/share/sllidar_ros2/local_setup.bash
[46.120s] -- Installing: /home/bingda/ros2_ws/install/sllidar_ros2/share/sllidar_ros2/local_setup.sh
[46.120s] -- Installing: /home/bingda/ros2_ws/install/sllidar_ros2/share/sllidar_ros2/local_setup.zsh
[46.120s] -- Installing: /home/bingda/ros2_ws/install/sllidar_ros2/share/sllidar_ros2/local_setup.dsv
[46.120s] -- Installing: /home/bingda/ros2_ws/install/sllidar_ros2/share/sllidar_ros2/package.dsv
[46.120s] -- Installing: /home/bingda/ros2_ws/install/sllidar_ros2/share/ament_index/resource_index/packages/sllidar_ros2
[46.120s] -- Installing: /home/bingda/ros2_ws/install/sllidar_ros2/share/sllidar_ros2/cmake/ament_cmake_export_dependencies-extras.cmake
[46.120s] -- Installing: /home/bingda/ros2_ws/install/sllidar_ros2/share/sllidar_ros2/cmake/ament_cmake_export_include_directories-extras.cmake
[46.120s] -- Installing: /home/bingda/ros2_ws/install/sllidar_ros2/share/sllidar_ros2/cmake/sllidar_ros2Config.cmake
[46.120s] -- Installing: /home/bingda/ros2_ws/install/sllidar_ros2/share/sllidar_ros2/cmake/sllidar_ros2Config-version.cmake
[46.121s] -- Installing: /home/bingda/ros2_ws/install/sllidar_ros2/share/sllidar_ros2/package.xml
[46.131s] Invoked command in '/home/bingda/ros2_ws/build/sllidar_ros2' returned '0': CMAKE_PREFIX_PATH=${CMAKE_PREFIX_PATH}:/home/bingda/ros2_ws/install/car_application:/home/bingda/ros2_ws/install/base_control_ros2:/home/bingda/ros2_ws/install/robot_vslam_ros2:/home/bingda/ros2_ws/install/robot_vision_ros2:/home/bingda/ros2_ws/install/robot_navigation_ros2:/home/bingda/ros2_ws/install/ncnn_ros2:/home/bingda/NanoRobot/install/car_application:/home/bingda/NanoRobot/install/autopartol_robot:/opt/ros/humble /usr/bin/cmake --install /home/bingda/ros2_ws/build/sllidar_ros2
