/home/bingda/ros2_ws/install/robot_navigation_ros2/lib/python3.10/site-packages/robot_navigation_ros2/__init__.py
/home/bingda/ros2_ws/install/robot_navigation_ros2/lib/python3.10/site-packages/robot_navigation_ros2/navigation_test.py
/home/bingda/ros2_ws/install/robot_navigation_ros2/lib/python3.10/site-packages/robot_navigation_ros2/initial_pose_publisher.py
/home/bingda/ros2_ws/install/robot_navigation_ros2/lib/python3.10/site-packages/robot_navigation_ros2/__pycache__/__init__.cpython-310.pyc
/home/bingda/ros2_ws/install/robot_navigation_ros2/lib/python3.10/site-packages/robot_navigation_ros2/__pycache__/navigation_test.cpython-310.pyc
/home/bingda/ros2_ws/install/robot_navigation_ros2/lib/python3.10/site-packages/robot_navigation_ros2/__pycache__/initial_pose_publisher.cpython-310.pyc
/home/bingda/ros2_ws/install/robot_navigation_ros2/share/ament_index/resource_index/packages/robot_navigation_ros2
/home/bingda/ros2_ws/install/robot_navigation_ros2/share/robot_navigation_ros2/package.xml
/home/bingda/ros2_ws/install/robot_navigation_ros2/share/robot_navigation_ros2/launch/rviz_slam.launch.py
/home/bingda/ros2_ws/install/robot_navigation_ros2/share/robot_navigation_ros2/launch/robot_lidar.launch.py
/home/bingda/ros2_ws/install/robot_navigation_ros2/share/robot_navigation_ros2/launch/navigation.launch.py
/home/bingda/ros2_ws/install/robot_navigation_ros2/share/robot_navigation_ros2/launch/lidar.launch.py
/home/bingda/ros2_ws/install/robot_navigation_ros2/share/robot_navigation_ros2/launch/ekf.launch.py
/home/bingda/ros2_ws/install/robot_navigation_ros2/share/robot_navigation_ros2/launch/rviz_lidar.launch.py
/home/bingda/ros2_ws/install/robot_navigation_ros2/share/robot_navigation_ros2/launch/rviz_navigation.launch.py
/home/bingda/ros2_ws/install/robot_navigation_ros2/share/robot_navigation_ros2/launch/gmapping.launch.py
/home/bingda/ros2_ws/install/robot_navigation_ros2/share/robot_navigation_ros2/launch/slam_toolbox.launch.py
/home/bingda/ros2_ws/install/robot_navigation_ros2/share/robot_navigation_ros2/launch/cartographer.launch.py
/home/bingda/ros2_ws/install/robot_navigation_ros2/share/robot_navigation_ros2/launch/rtabmap_slam.launch.py
/home/bingda/ros2_ws/install/robot_navigation_ros2/share/robot_navigation_ros2/launch/gmapping.launch.cpython-38.pyc
/home/bingda/ros2_ws/install/robot_navigation_ros2/share/robot_navigation_ros2/launch/navigation2_rviz.launch.cpython-38.pyc
/home/bingda/ros2_ws/install/robot_navigation_ros2/share/robot_navigation_ros2/launch/robot_lidar.launch.cpython-38.pyc
/home/bingda/ros2_ws/install/robot_navigation_ros2/share/robot_navigation_ros2/launch/occupancy_grid.launch.cpython-38.pyc
/home/bingda/ros2_ws/install/robot_navigation_ros2/share/robot_navigation_ros2/launch/cartographer.launch.cpython-38.pyc
/home/bingda/ros2_ws/install/robot_navigation_ros2/share/robot_navigation_ros2/launch/navigation2.launch.cpython-38.pyc
/home/bingda/ros2_ws/install/robot_navigation_ros2/share/robot_navigation_ros2/launch/navigation.launch.cpython-38.pyc
/home/bingda/ros2_ws/install/robot_navigation_ros2/share/robot_navigation_ros2/launch/navigation_launch.py
/home/bingda/ros2_ws/install/robot_navigation_ros2/share/robot_navigation_ros2/launch/rviz_launch.py
/home/bingda/ros2_ws/install/robot_navigation_ros2/share/robot_navigation_ros2/launch/bringup_launch.py
/home/bingda/ros2_ws/install/robot_navigation_ros2/share/robot_navigation_ros2/launch/localization_launch.py
/home/bingda/ros2_ws/install/robot_navigation_ros2/share/robot_navigation_ros2/launch/slam_launch.py
/home/bingda/ros2_ws/install/robot_navigation_ros2/share/robot_navigation_ros2/launch/rplidar_s2.launch.py
/home/bingda/ros2_ws/install/robot_navigation_ros2/share/robot_navigation_ros2/launch/ydlidar.launch.py
/home/bingda/ros2_ws/install/robot_navigation_ros2/share/robot_navigation_ros2/launch/sclidar.launch.py
/home/bingda/ros2_ws/install/robot_navigation_ros2/share/robot_navigation_ros2/launch/rplidar_c1.launch.py
/home/bingda/ros2_ws/install/robot_navigation_ros2/share/robot_navigation_ros2/launch/rplidar_a1.launch.py
/home/bingda/ros2_ws/install/robot_navigation_ros2/share/robot_navigation_ros2/launch/rplidar_a1s.launch.py
/home/bingda/ros2_ws/install/robot_navigation_ros2/share/robot_navigation_ros2/launch/cp210x_lidar_udev.sh
/home/bingda/ros2_ws/install/robot_navigation_ros2/share/robot_navigation_ros2/config/bingda_lds_2d.lua
/home/bingda/ros2_ws/install/robot_navigation_ros2/share/robot_navigation_ros2/config/ekf.yaml
/home/bingda/ros2_ws/install/robot_navigation_ros2/share/robot_navigation_ros2/config/S4.yaml
/home/bingda/ros2_ws/install/robot_navigation_ros2/share/robot_navigation_ros2/config/mapper_params_online_async.yaml
/home/bingda/ros2_ws/install/robot_navigation_ros2/share/robot_navigation_ros2/map/map_gz.yaml
/home/bingda/ros2_ws/install/robot_navigation_ros2/share/robot_navigation_ros2/map/map.pgm
/home/bingda/ros2_ws/install/robot_navigation_ros2/share/robot_navigation_ros2/map/map.yaml
/home/bingda/ros2_ws/install/robot_navigation_ros2/share/robot_navigation_ros2/map/map_gz.pgm
/home/bingda/ros2_ws/install/robot_navigation_ros2/share/robot_navigation_ros2/param
/home/bingda/ros2_ws/install/robot_navigation_ros2/share/robot_navigation_ros2/params/NanoRobot.yaml
/home/bingda/ros2_ws/install/robot_navigation_ros2/share/robot_navigation_ros2/params/smacPlannerLattice.json
/home/bingda/ros2_ws/install/robot_navigation_ros2/share/robot_navigation_ros2/params/NanoRobot_Pro.yaml
/home/bingda/ros2_ws/install/robot_navigation_ros2/share/robot_navigation_ros2/rviz/navigation.rviz
/home/bingda/ros2_ws/install/robot_navigation_ros2/share/robot_navigation_ros2/rviz/lidar.rviz
/home/bingda/ros2_ws/install/robot_navigation_ros2/share/robot_navigation_ros2/rviz/slam.rviz
/home/bingda/ros2_ws/install/robot_navigation_ros2/lib/python3.10/site-packages/robot_navigation_ros2-0.0.0-py3.10.egg-info/top_level.txt
/home/bingda/ros2_ws/install/robot_navigation_ros2/lib/python3.10/site-packages/robot_navigation_ros2-0.0.0-py3.10.egg-info/entry_points.txt
/home/bingda/ros2_ws/install/robot_navigation_ros2/lib/python3.10/site-packages/robot_navigation_ros2-0.0.0-py3.10.egg-info/PKG-INFO
/home/bingda/ros2_ws/install/robot_navigation_ros2/lib/python3.10/site-packages/robot_navigation_ros2-0.0.0-py3.10.egg-info/zip-safe
/home/bingda/ros2_ws/install/robot_navigation_ros2/lib/python3.10/site-packages/robot_navigation_ros2-0.0.0-py3.10.egg-info/requires.txt
/home/bingda/ros2_ws/install/robot_navigation_ros2/lib/python3.10/site-packages/robot_navigation_ros2-0.0.0-py3.10.egg-info/SOURCES.txt
/home/bingda/ros2_ws/install/robot_navigation_ros2/lib/python3.10/site-packages/robot_navigation_ros2-0.0.0-py3.10.egg-info/dependency_links.txt
/home/bingda/ros2_ws/install/robot_navigation_ros2/lib/robot_navigation_ros2/initial_pose_publisher
/home/bingda/ros2_ws/install/robot_navigation_ros2/lib/robot_navigation_ros2/navigation_test
