/home/bingda/ros2_ws/install/robot_vslam_ros2/lib/python3.10/site-packages/robot_vslam_ros2/__init__.py
/home/bingda/ros2_ws/install/robot_vslam_ros2/lib/python3.10/site-packages/robot_vslam_ros2/__pycache__/__init__.cpython-310.pyc
/home/bingda/ros2_ws/install/robot_vslam_ros2/share/ament_index/resource_index/packages/robot_vslam_ros2
/home/bingda/ros2_ws/install/robot_vslam_ros2/share/robot_vslam_ros2/package.xml
/home/bingda/ros2_ws/install/robot_vslam_ros2/share/robot_vslam_ros2/launch/rtabmap_rgbd_laser_slam.launch.py
/home/bingda/ros2_ws/install/robot_vslam_ros2/share/robot_vslam_ros2/launch/rgbd_camera.launch.py
/home/bingda/ros2_ws/install/robot_vslam_ros2/share/robot_vslam_ros2/launch/rviz_rtabmap.launch.py
/home/bingda/ros2_ws/install/robot_vslam_ros2/share/robot_vslam_ros2/launch/depthimage_to_laserscan.launch.py
/home/bingda/ros2_ws/install/robot_vslam_ros2/share/robot_vslam_ros2/launch/rviz_rgbd.launch.py
/home/bingda/ros2_ws/install/robot_vslam_ros2/share/robot_vslam_ros2/launch/robot_rgbd_lidar.launch.py
/home/bingda/ros2_ws/install/robot_vslam_ros2/share/robot_vslam_ros2/launch/rtabmap_rgbd_slam.launch.py
/home/bingda/ros2_ws/install/robot_vslam_ros2/share/robot_vslam_ros2/launch/robot_rgbd.launch.py
/home/bingda/ros2_ws/install/robot_vslam_ros2/share/robot_vslam_ros2/launch/astra_pro.launch.xml
/home/bingda/ros2_ws/install/robot_vslam_ros2/share/robot_vslam_ros2/launch/astra_s.launch.xml
/home/bingda/ros2_ws/install/robot_vslam_ros2/share/robot_vslam_ros2/launch/astra_letv.launch.xml
/home/bingda/ros2_ws/install/robot_vslam_ros2/share/robot_vslam_ros2/config/./param.yaml
/home/bingda/ros2_ws/install/robot_vslam_ros2/share/robot_vslam_ros2/config/astra_s/depth_camera_240.yaml
/home/bingda/ros2_ws/install/robot_vslam_ros2/share/robot_vslam_ros2/config/astra_s/depth_camera.yaml
/home/bingda/ros2_ws/install/robot_vslam_ros2/share/robot_vslam_ros2/config/astra_s/rgb_camera_240.yaml
/home/bingda/ros2_ws/install/robot_vslam_ros2/share/robot_vslam_ros2/config/astra_s/rgb_camera.yaml
/home/bingda/ros2_ws/install/robot_vslam_ros2/share/robot_vslam_ros2/config/astra_pro/depth_camera_240.yaml
/home/bingda/ros2_ws/install/robot_vslam_ros2/share/robot_vslam_ros2/config/astra_pro/depth_camera.yaml
/home/bingda/ros2_ws/install/robot_vslam_ros2/share/robot_vslam_ros2/config/astra_pro/rgb_camera_240.yaml
/home/bingda/ros2_ws/install/robot_vslam_ros2/share/robot_vslam_ros2/config/astra_pro/rgb_camera.yaml
/home/bingda/ros2_ws/install/robot_vslam_ros2/share/robot_vslam_ros2/config/astra_letv/depth_camera_240.yaml
/home/bingda/ros2_ws/install/robot_vslam_ros2/share/robot_vslam_ros2/config/astra_letv/depth_camera.yaml
/home/bingda/ros2_ws/install/robot_vslam_ros2/share/robot_vslam_ros2/config/astra_letv/rgb_camera_240.yaml
/home/bingda/ros2_ws/install/robot_vslam_ros2/share/robot_vslam_ros2/config/astra_letv/rgb_camera.yaml
/home/bingda/ros2_ws/install/robot_vslam_ros2/share/robot_vslam_ros2/rviz/rtabmap.rviz
/home/bingda/ros2_ws/install/robot_vslam_ros2/share/robot_vslam_ros2/rviz/rgbd_cameras.rviz
/home/bingda/ros2_ws/install/robot_vslam_ros2/lib/python3.10/site-packages/robot_vslam_ros2-0.0.0-py3.10.egg-info/top_level.txt
/home/bingda/ros2_ws/install/robot_vslam_ros2/lib/python3.10/site-packages/robot_vslam_ros2-0.0.0-py3.10.egg-info/entry_points.txt
/home/bingda/ros2_ws/install/robot_vslam_ros2/lib/python3.10/site-packages/robot_vslam_ros2-0.0.0-py3.10.egg-info/PKG-INFO
/home/bingda/ros2_ws/install/robot_vslam_ros2/lib/python3.10/site-packages/robot_vslam_ros2-0.0.0-py3.10.egg-info/zip-safe
/home/bingda/ros2_ws/install/robot_vslam_ros2/lib/python3.10/site-packages/robot_vslam_ros2-0.0.0-py3.10.egg-info/requires.txt
/home/bingda/ros2_ws/install/robot_vslam_ros2/lib/python3.10/site-packages/robot_vslam_ros2-0.0.0-py3.10.egg-info/SOURCES.txt
/home/bingda/ros2_ws/install/robot_vslam_ros2/lib/python3.10/site-packages/robot_vslam_ros2-0.0.0-py3.10.egg-info/dependency_links.txt
