/home/bingda/ros2_ws/install/ncnn_ros2/lib/python3.10/site-packages/ncnn_ros2/__init__.py
/home/bingda/ros2_ws/install/ncnn_ros2/lib/python3.10/site-packages/ncnn_ros2/yolov5.py
/home/bingda/ros2_ws/install/ncnn_ros2/lib/python3.10/site-packages/ncnn_ros2/ncnn_ros2_test.py
/home/bingda/ros2_ws/install/ncnn_ros2/lib/python3.10/site-packages/ncnn_ros2/yolov5_ros.py
/home/bingda/ros2_ws/install/ncnn_ros2/lib/python3.10/site-packages/ncnn_ros2/visual.py
/home/bingda/ros2_ws/install/ncnn_ros2/lib/python3.10/site-packages/ncnn_ros2/yolov3.py
/home/bingda/ros2_ws/install/ncnn_ros2/lib/python3.10/site-packages/ncnn_ros2/yolov8_ros.py
/home/bingda/ros2_ws/install/ncnn_ros2/lib/python3.10/site-packages/ncnn_ros2/yolov8.py
/home/bingda/ros2_ws/install/ncnn_ros2/lib/python3.10/site-packages/ncnn_ros2/yolov3_ros.py
/home/bingda/ros2_ws/install/ncnn_ros2/lib/python3.10/site-packages/ncnn_ros2/__pycache__/__init__.cpython-310.pyc
/home/bingda/ros2_ws/install/ncnn_ros2/lib/python3.10/site-packages/ncnn_ros2/__pycache__/yolov5.cpython-310.pyc
/home/bingda/ros2_ws/install/ncnn_ros2/lib/python3.10/site-packages/ncnn_ros2/__pycache__/ncnn_ros2_test.cpython-310.pyc
/home/bingda/ros2_ws/install/ncnn_ros2/lib/python3.10/site-packages/ncnn_ros2/__pycache__/yolov5_ros.cpython-310.pyc
/home/bingda/ros2_ws/install/ncnn_ros2/lib/python3.10/site-packages/ncnn_ros2/__pycache__/visual.cpython-310.pyc
/home/bingda/ros2_ws/install/ncnn_ros2/lib/python3.10/site-packages/ncnn_ros2/__pycache__/yolov3.cpython-310.pyc
/home/bingda/ros2_ws/install/ncnn_ros2/lib/python3.10/site-packages/ncnn_ros2/__pycache__/yolov8_ros.cpython-310.pyc
/home/bingda/ros2_ws/install/ncnn_ros2/lib/python3.10/site-packages/ncnn_ros2/__pycache__/yolov8.cpython-310.pyc
/home/bingda/ros2_ws/install/ncnn_ros2/lib/python3.10/site-packages/ncnn_ros2/__pycache__/yolov3_ros.cpython-310.pyc
/home/bingda/ros2_ws/install/ncnn_ros2/share/ament_index/resource_index/packages/ncnn_ros2
/home/bingda/ros2_ws/install/ncnn_ros2/share/ncnn_ros2/package.xml
/home/bingda/ros2_ws/install/ncnn_ros2/share/ncnn_ros2/launch/yolov5_ros.launch.py
/home/bingda/ros2_ws/install/ncnn_ros2/share/ncnn_ros2/launch/yolov3_ros.launch.py
/home/bingda/ros2_ws/install/ncnn_ros2/share/ncnn_ros2/launch/camera.launch.py
/home/bingda/ros2_ws/install/ncnn_ros2/share/ncnn_ros2/launch/yolov8_ros.launch.py
/home/bingda/ros2_ws/install/ncnn_ros2/share/ncnn_ros2/models/mobilenetv2_yolov3.bin
/home/bingda/ros2_ws/install/ncnn_ros2/share/ncnn_ros2/models/yolov5s.param
/home/bingda/ros2_ws/install/ncnn_ros2/share/ncnn_ros2/models/yolov8s.bin
/home/bingda/ros2_ws/install/ncnn_ros2/share/ncnn_ros2/models/mobilenetv2_yolov3.param
/home/bingda/ros2_ws/install/ncnn_ros2/share/ncnn_ros2/models/yolov5s.bin
/home/bingda/ros2_ws/install/ncnn_ros2/share/ncnn_ros2/models/yolov8s.param
/home/bingda/ros2_ws/install/ncnn_ros2/lib/python3.10/site-packages/ncnn_ros2-0.0.0-py3.10.egg-info/top_level.txt
/home/bingda/ros2_ws/install/ncnn_ros2/lib/python3.10/site-packages/ncnn_ros2-0.0.0-py3.10.egg-info/entry_points.txt
/home/bingda/ros2_ws/install/ncnn_ros2/lib/python3.10/site-packages/ncnn_ros2-0.0.0-py3.10.egg-info/PKG-INFO
/home/bingda/ros2_ws/install/ncnn_ros2/lib/python3.10/site-packages/ncnn_ros2-0.0.0-py3.10.egg-info/zip-safe
/home/bingda/ros2_ws/install/ncnn_ros2/lib/python3.10/site-packages/ncnn_ros2-0.0.0-py3.10.egg-info/requires.txt
/home/bingda/ros2_ws/install/ncnn_ros2/lib/python3.10/site-packages/ncnn_ros2-0.0.0-py3.10.egg-info/SOURCES.txt
/home/bingda/ros2_ws/install/ncnn_ros2/lib/python3.10/site-packages/ncnn_ros2-0.0.0-py3.10.egg-info/dependency_links.txt
/home/bingda/ros2_ws/install/ncnn_ros2/lib/ncnn_ros2/ncnn_ros2_test
/home/bingda/ros2_ws/install/ncnn_ros2/lib/ncnn_ros2/yolov10_ros
/home/bingda/ros2_ws/install/ncnn_ros2/lib/ncnn_ros2/yolov3_ros
/home/bingda/ros2_ws/install/ncnn_ros2/lib/ncnn_ros2/yolov5_ros
/home/bingda/ros2_ws/install/ncnn_ros2/lib/ncnn_ros2/yolov7_ros
/home/bingda/ros2_ws/install/ncnn_ros2/lib/ncnn_ros2/yolov8_ros
