[3.107s] Invoking command in '/home/bingda/ros2_ws/src/bingda_ros2_demos/robot_navigation_ros2': PYTHONPATH=/home/bingda/ros2_ws/build/robot_navigation_ros2/prefix_override:/usr/lib/python3/dist-packages/colcon_core/task/python/colcon_distutils_commands:/home/bingda/ros2_ws/install/robot_navigation_ros2/lib/python3.10/site-packages:${PYTHONPATH} /usr/bin/python3 -W ignore:setup.py install is deprecated -W ignore:easy_install command is deprecated setup.py egg_info --egg-base ../../../build/robot_navigation_ros2 build --build-base /home/bingda/ros2_ws/build/robot_navigation_ros2/build install --record /home/bingda/ros2_ws/build/robot_navigation_ros2/install.log --single-version-externally-managed install_data
[3.512s] running egg_info
[3.515s] creating ../../../build/robot_navigation_ros2/robot_navigation_ros2.egg-info
[3.515s] writing ../../../build/robot_navigation_ros2/robot_navigation_ros2.egg-info/PKG-INFO
[3.516s] writing dependency_links to ../../../build/robot_navigation_ros2/robot_navigation_ros2.egg-info/dependency_links.txt
[3.517s] writing entry points to ../../../build/robot_navigation_ros2/robot_navigation_ros2.egg-info/entry_points.txt
[3.517s] writing requirements to ../../../build/robot_navigation_ros2/robot_navigation_ros2.egg-info/requires.txt
[3.518s] writing top-level names to ../../../build/robot_navigation_ros2/robot_navigation_ros2.egg-info/top_level.txt
[3.518s] writing manifest file '../../../build/robot_navigation_ros2/robot_navigation_ros2.egg-info/SOURCES.txt'
[3.519s] reading manifest file '../../../build/robot_navigation_ros2/robot_navigation_ros2.egg-info/SOURCES.txt'
[3.521s] writing manifest file '../../../build/robot_navigation_ros2/robot_navigation_ros2.egg-info/SOURCES.txt'
[3.521s] running build
[3.522s] running build_py
[3.522s] creating /home/bingda/ros2_ws/build/robot_navigation_ros2/build
[3.522s] creating /home/bingda/ros2_ws/build/robot_navigation_ros2/build/lib
[3.522s] creating /home/bingda/ros2_ws/build/robot_navigation_ros2/build/lib/robot_navigation_ros2
[3.522s] copying robot_navigation_ros2/__init__.py -> /home/bingda/ros2_ws/build/robot_navigation_ros2/build/lib/robot_navigation_ros2
[3.522s] copying robot_navigation_ros2/navigation_test.py -> /home/bingda/ros2_ws/build/robot_navigation_ros2/build/lib/robot_navigation_ros2
[3.522s] copying robot_navigation_ros2/initial_pose_publisher.py -> /home/bingda/ros2_ws/build/robot_navigation_ros2/build/lib/robot_navigation_ros2
[3.522s] running install
[3.522s] running install_lib
[3.523s] creating /home/bingda/ros2_ws/install/robot_navigation_ros2/lib/python3.10/site-packages/robot_navigation_ros2
[3.524s] copying /home/bingda/ros2_ws/build/robot_navigation_ros2/build/lib/robot_navigation_ros2/__init__.py -> /home/bingda/ros2_ws/install/robot_navigation_ros2/lib/python3.10/site-packages/robot_navigation_ros2
[3.524s] copying /home/bingda/ros2_ws/build/robot_navigation_ros2/build/lib/robot_navigation_ros2/navigation_test.py -> /home/bingda/ros2_ws/install/robot_navigation_ros2/lib/python3.10/site-packages/robot_navigation_ros2
[3.524s] copying /home/bingda/ros2_ws/build/robot_navigation_ros2/build/lib/robot_navigation_ros2/initial_pose_publisher.py -> /home/bingda/ros2_ws/install/robot_navigation_ros2/lib/python3.10/site-packages/robot_navigation_ros2
[3.525s] byte-compiling /home/bingda/ros2_ws/install/robot_navigation_ros2/lib/python3.10/site-packages/robot_navigation_ros2/__init__.py to __init__.cpython-310.pyc
[3.525s] byte-compiling /home/bingda/ros2_ws/install/robot_navigation_ros2/lib/python3.10/site-packages/robot_navigation_ros2/navigation_test.py to navigation_test.cpython-310.pyc
[3.525s] byte-compiling /home/bingda/ros2_ws/install/robot_navigation_ros2/lib/python3.10/site-packages/robot_navigation_ros2/initial_pose_publisher.py to initial_pose_publisher.cpython-310.pyc
[3.530s] running install_data
[3.530s] creating /home/bingda/ros2_ws/install/robot_navigation_ros2/share/ament_index
[3.530s] creating /home/bingda/ros2_ws/install/robot_navigation_ros2/share/ament_index/resource_index
[3.531s] creating /home/bingda/ros2_ws/install/robot_navigation_ros2/share/ament_index/resource_index/packages
[3.531s] copying resource/robot_navigation_ros2 -> /home/bingda/ros2_ws/install/robot_navigation_ros2/share/ament_index/resource_index/packages
[3.531s] copying package.xml -> /home/bingda/ros2_ws/install/robot_navigation_ros2/share/robot_navigation_ros2
[3.531s] creating /home/bingda/ros2_ws/install/robot_navigation_ros2/share/robot_navigation_ros2/launch
[3.531s] copying launch/rviz_slam.launch.py -> /home/bingda/ros2_ws/install/robot_navigation_ros2/share/robot_navigation_ros2/launch
[3.532s] copying launch/robot_lidar.launch.py -> /home/bingda/ros2_ws/install/robot_navigation_ros2/share/robot_navigation_ros2/launch
[3.532s] copying launch/navigation.launch.py -> /home/bingda/ros2_ws/install/robot_navigation_ros2/share/robot_navigation_ros2/launch
[3.532s] copying launch/lidar.launch.py -> /home/bingda/ros2_ws/install/robot_navigation_ros2/share/robot_navigation_ros2/launch
[3.532s] copying launch/ekf.launch.py -> /home/bingda/ros2_ws/install/robot_navigation_ros2/share/robot_navigation_ros2/launch
[3.532s] copying launch/rviz_lidar.launch.py -> /home/bingda/ros2_ws/install/robot_navigation_ros2/share/robot_navigation_ros2/launch
[3.532s] copying launch/rviz_navigation.launch.py -> /home/bingda/ros2_ws/install/robot_navigation_ros2/share/robot_navigation_ros2/launch
[3.532s] copying launch/gmapping.launch.py -> /home/bingda/ros2_ws/install/robot_navigation_ros2/share/robot_navigation_ros2/launch
[3.532s] copying launch/slam_toolbox.launch.py -> /home/bingda/ros2_ws/install/robot_navigation_ros2/share/robot_navigation_ros2/launch
[3.532s] copying launch/cartographer.launch.py -> /home/bingda/ros2_ws/install/robot_navigation_ros2/share/robot_navigation_ros2/launch
[3.532s] copying launch/rtabmap_slam.launch.py -> /home/bingda/ros2_ws/install/robot_navigation_ros2/share/robot_navigation_ros2/launch
[3.532s] copying launch/__pycache__/gmapping.launch.cpython-38.pyc -> /home/bingda/ros2_ws/install/robot_navigation_ros2/share/robot_navigation_ros2/launch
[3.535s] copying launch/__pycache__/navigation2_rviz.launch.cpython-38.pyc -> /home/bingda/ros2_ws/install/robot_navigation_ros2/share/robot_navigation_ros2/launch
[3.536s] copying launch/__pycache__/robot_lidar.launch.cpython-38.pyc -> /home/bingda/ros2_ws/install/robot_navigation_ros2/share/robot_navigation_ros2/launch
[3.538s] copying launch/__pycache__/occupancy_grid.launch.cpython-38.pyc -> /home/bingda/ros2_ws/install/robot_navigation_ros2/share/robot_navigation_ros2/launch
[3.544s] copying launch/__pycache__/cartographer.launch.cpython-38.pyc -> /home/bingda/ros2_ws/install/robot_navigation_ros2/share/robot_navigation_ros2/launch
[3.545s] copying launch/__pycache__/navigation2.launch.cpython-38.pyc -> /home/bingda/ros2_ws/install/robot_navigation_ros2/share/robot_navigation_ros2/launch
[3.546s] copying launch/__pycache__/navigation.launch.cpython-38.pyc -> /home/bingda/ros2_ws/install/robot_navigation_ros2/share/robot_navigation_ros2/launch
[3.548s] copying launch/include/navigation_launch.py -> /home/bingda/ros2_ws/install/robot_navigation_ros2/share/robot_navigation_ros2/launch
[3.549s] copying launch/include/rviz_launch.py -> /home/bingda/ros2_ws/install/robot_navigation_ros2/share/robot_navigation_ros2/launch
[3.549s] copying launch/include/bringup_launch.py -> /home/bingda/ros2_ws/install/robot_navigation_ros2/share/robot_navigation_ros2/launch
[3.550s] copying launch/include/localization_launch.py -> /home/bingda/ros2_ws/install/robot_navigation_ros2/share/robot_navigation_ros2/launch
[3.550s] copying launch/include/slam_launch.py -> /home/bingda/ros2_ws/install/robot_navigation_ros2/share/robot_navigation_ros2/launch
[3.550s] copying launch/lidar/rplidar_s2.launch.py -> /home/bingda/ros2_ws/install/robot_navigation_ros2/share/robot_navigation_ros2/launch
[3.551s] copying launch/lidar/ydlidar.launch.py -> /home/bingda/ros2_ws/install/robot_navigation_ros2/share/robot_navigation_ros2/launch
[3.551s] copying launch/lidar/sclidar.launch.py -> /home/bingda/ros2_ws/install/robot_navigation_ros2/share/robot_navigation_ros2/launch
[3.551s] copying launch/lidar/rplidar_c1.launch.py -> /home/bingda/ros2_ws/install/robot_navigation_ros2/share/robot_navigation_ros2/launch
[3.552s] copying launch/lidar/rplidar_a1.launch.py -> /home/bingda/ros2_ws/install/robot_navigation_ros2/share/robot_navigation_ros2/launch
[3.552s] copying launch/lidar/rplidar_a1s.launch.py -> /home/bingda/ros2_ws/install/robot_navigation_ros2/share/robot_navigation_ros2/launch
[3.552s] copying launch/lidar/cp210x_lidar_udev.sh -> /home/bingda/ros2_ws/install/robot_navigation_ros2/share/robot_navigation_ros2/launch
[3.559s] creating /home/bingda/ros2_ws/install/robot_navigation_ros2/share/robot_navigation_ros2/config
[3.559s] copying config/bingda_lds_2d.lua -> /home/bingda/ros2_ws/install/robot_navigation_ros2/share/robot_navigation_ros2/config
[3.562s] copying config/ekf.yaml -> /home/bingda/ros2_ws/install/robot_navigation_ros2/share/robot_navigation_ros2/config
[3.584s] copying config/S4.yaml -> /home/bingda/ros2_ws/install/robot_navigation_ros2/share/robot_navigation_ros2/config
[3.585s] copying config/mapper_params_online_async.yaml -> /home/bingda/ros2_ws/install/robot_navigation_ros2/share/robot_navigation_ros2/config
[3.588s] creating /home/bingda/ros2_ws/install/robot_navigation_ros2/share/robot_navigation_ros2/map
[3.590s] copying map/map_gz.yaml -> /home/bingda/ros2_ws/install/robot_navigation_ros2/share/robot_navigation_ros2/map
[3.591s] copying map/map.pgm -> /home/bingda/ros2_ws/install/robot_navigation_ros2/share/robot_navigation_ros2/map
[3.596s] copying map/map.yaml -> /home/bingda/ros2_ws/install/robot_navigation_ros2/share/robot_navigation_ros2/map
[3.598s] copying map/map_gz.pgm -> /home/bingda/ros2_ws/install/robot_navigation_ros2/share/robot_navigation_ros2/map
[3.604s] creating /home/bingda/ros2_ws/install/robot_navigation_ros2/share/robot_navigation_ros2/param
[3.605s] creating /home/bingda/ros2_ws/install/robot_navigation_ros2/share/robot_navigation_ros2/params
[3.605s] copying params/NanoRobot.yaml -> /home/bingda/ros2_ws/install/robot_navigation_ros2/share/robot_navigation_ros2/params
[3.606s] copying params/smacPlannerLattice.json -> /home/bingda/ros2_ws/install/robot_navigation_ros2/share/robot_navigation_ros2/params
[3.608s] copying params/NanoRobot_Pro.yaml -> /home/bingda/ros2_ws/install/robot_navigation_ros2/share/robot_navigation_ros2/params
[3.610s] creating /home/bingda/ros2_ws/install/robot_navigation_ros2/share/robot_navigation_ros2/rviz
[3.610s] copying rviz/navigation.rviz -> /home/bingda/ros2_ws/install/robot_navigation_ros2/share/robot_navigation_ros2/rviz
[3.611s] copying rviz/lidar.rviz -> /home/bingda/ros2_ws/install/robot_navigation_ros2/share/robot_navigation_ros2/rviz
[3.612s] copying rviz/slam.rviz -> /home/bingda/ros2_ws/install/robot_navigation_ros2/share/robot_navigation_ros2/rviz
[3.613s] running install_egg_info
[3.617s] Copying ../../../build/robot_navigation_ros2/robot_navigation_ros2.egg-info to /home/bingda/ros2_ws/install/robot_navigation_ros2/lib/python3.10/site-packages/robot_navigation_ros2-0.0.0-py3.10.egg-info
[3.618s] running install_scripts
[3.659s] Installing initial_pose_publisher script to /home/bingda/ros2_ws/install/robot_navigation_ros2/lib/robot_navigation_ros2
[3.659s] Installing navigation_test script to /home/bingda/ros2_ws/install/robot_navigation_ros2/lib/robot_navigation_ros2
[3.660s] writing list of installed files to '/home/bingda/ros2_ws/build/robot_navigation_ros2/install.log'
[5.438s] Invoked command in '/home/bingda/ros2_ws/src/bingda_ros2_demos/robot_navigation_ros2' returned '0': PYTHONPATH=/home/bingda/ros2_ws/build/robot_navigation_ros2/prefix_override:/usr/lib/python3/dist-packages/colcon_core/task/python/colcon_distutils_commands:/home/bingda/ros2_ws/install/robot_navigation_ros2/lib/python3.10/site-packages:${PYTHONPATH} /usr/bin/python3 -W ignore:setup.py install is deprecated -W ignore:easy_install command is deprecated setup.py egg_info --egg-base ../../../build/robot_navigation_ros2 build --build-base /home/bingda/ros2_ws/build/robot_navigation_ros2/build install --record /home/bingda/ros2_ws/build/robot_navigation_ros2/install.log --single-version-externally-managed install_data
