/home/bingda/ros2_ws/install/robot_vision_ros2/lib/python3.10/site-packages/robot_vision_ros2/__init__.py
/home/bingda/ros2_ws/install/robot_vision_ros2/lib/python3.10/site-packages/robot_vision_ros2/line_detector.py
/home/bingda/ros2_ws/install/robot_vision_ros2/lib/python3.10/site-packages/robot_vision_ros2/vision_test.py
/home/bingda/ros2_ws/install/robot_vision_ros2/lib/python3.10/site-packages/robot_vision_ros2/cv_bridge_test.py
/home/bingda/ros2_ws/install/robot_vision_ros2/lib/python3.10/site-packages/robot_vision_ros2/__pycache__/__init__.cpython-310.pyc
/home/bingda/ros2_ws/install/robot_vision_ros2/lib/python3.10/site-packages/robot_vision_ros2/__pycache__/line_detector.cpython-310.pyc
/home/bingda/ros2_ws/install/robot_vision_ros2/lib/python3.10/site-packages/robot_vision_ros2/__pycache__/vision_test.cpython-310.pyc
/home/bingda/ros2_ws/install/robot_vision_ros2/lib/python3.10/site-packages/robot_vision_ros2/__pycache__/cv_bridge_test.cpython-310.pyc
/home/bingda/ros2_ws/install/robot_vision_ros2/share/ament_index/resource_index/packages/robot_vision_ros2
/home/bingda/ros2_ws/install/robot_vision_ros2/share/robot_vision_ros2/package.xml
/home/bingda/ros2_ws/install/robot_vision_ros2/share/robot_vision_ros2/camera.launch.xml
/home/bingda/ros2_ws/install/robot_vision_ros2/share/robot_vision_ros2/camera.launch.py
/home/bingda/ros2_ws/install/robot_vision_ros2/share/robot_vision_ros2/line_detector.launch.py
/home/bingda/ros2_ws/install/robot_vision_ros2/lib/python3.10/site-packages/robot_vision_ros2-0.0.0-py3.10.egg-info/top_level.txt
/home/bingda/ros2_ws/install/robot_vision_ros2/lib/python3.10/site-packages/robot_vision_ros2-0.0.0-py3.10.egg-info/entry_points.txt
/home/bingda/ros2_ws/install/robot_vision_ros2/lib/python3.10/site-packages/robot_vision_ros2-0.0.0-py3.10.egg-info/PKG-INFO
/home/bingda/ros2_ws/install/robot_vision_ros2/lib/python3.10/site-packages/robot_vision_ros2-0.0.0-py3.10.egg-info/zip-safe
/home/bingda/ros2_ws/install/robot_vision_ros2/lib/python3.10/site-packages/robot_vision_ros2-0.0.0-py3.10.egg-info/requires.txt
/home/bingda/ros2_ws/install/robot_vision_ros2/lib/python3.10/site-packages/robot_vision_ros2-0.0.0-py3.10.egg-info/SOURCES.txt
/home/bingda/ros2_ws/install/robot_vision_ros2/lib/python3.10/site-packages/robot_vision_ros2-0.0.0-py3.10.egg-info/dependency_links.txt
/home/bingda/ros2_ws/install/robot_vision_ros2/lib/robot_vision_ros2/cv_bridge_test
/home/bingda/ros2_ws/install/robot_vision_ros2/lib/robot_vision_ros2/line_detector
/home/bingda/ros2_ws/install/robot_vision_ros2/lib/robot_vision_ros2/vision_test
